<?xml version="1.0" encoding="UTF-8"?>
<!-- Generated by org.testng.reporters.JUnitReportReporter -->
<testsuite hostname="DESKTOP-M3ID0UC" failures="0" tests="7" name="TestNGDemo.TestInvocationCount" time="0.016" errors="0" timestamp="26 Mar 2024 08:14:44 GMT" skipped="0">
  <testcase classname="TestNGDemo.TestInvocationCount" name="testMethod2" time="0.002"/>
  <testcase classname="TestNGDemo.TestInvocationCount" name="testMethod2" time="0.001"/>
  <testcase classname="TestNGDemo.TestInvocationCount" name="testMethod1" time="0.008"/>
  <testcase classname="TestNGDemo.TestInvocationCount" name="testMethod2" time="0.001"/>
  <testcase classname="TestNGDemo.TestInvocationCount" name="testMethod2" time="0.001"/>
  <testcase classname="TestNGDemo.TestInvocationCount" name="testMethod2" time="0.002"/>
  <testcase classname="TestNGDemo.TestInvocationCount" name="testMethod1" time="0.001"/>
</testsuite> <!-- TestNGDemo.TestInvocationCount -->
