<?xml version="1.0" encoding="UTF-8"?>
<!-- Generated by org.testng.reporters.JUnitReportReporter -->
<testsuite hostname="DESKTOP-M3ID0UC" failures="0" tests="2" name="seleniumTestPractice.TestAutomation" time="0.000" errors="0" timestamp="25 Mar 2024 06:37:50 GMT" skipped="2">
  <testcase classname="seleniumTestPractice.TestAutomation" name="setup" time="0.000">
    <skipped/>
  </testcase> <!-- setup -->
  <testcase classname="seleniumTestPractice.TestAutomation" name="signup" time="0.000">
    <skipped/>
  </testcase> <!-- signup -->
</testsuite> <!-- seleniumTestPractice.TestAutomation -->
