<?xml version="1.0" encoding="UTF-8"?>
<!-- Generated by org.testng.reporters.JUnitReportReporter -->
<testsuite hostname="DESKTOP-M3ID0UC" failures="0" tests="2" name="selenium.HandleAuth" time="0.000" errors="0" timestamp="25 Mar 2024 06:37:50 GMT" skipped="2">
  <testcase classname="selenium.HandleAuth" name="handleAuthentication" time="0.000">
    <skipped/>
  </testcase> <!-- handleAuthentication -->
  <testcase classname="selenium.HandleAuth" name="handleAuth">
    <skipped/>
  </testcase> <!-- handleAuth -->
</testsuite> <!-- selenium.HandleAuth -->
