<?xml version="1.0" encoding="UTF-8"?>
<!-- Generated by org.testng.reporters.JUnitReportReporter -->
<testsuite hostname="DESKTOP-M3ID0UC" failures="0" tests="3" name="seleniumTestPractice.practice2" time="0.000" errors="0" timestamp="25 Mar 2024 06:37:50 GMT" skipped="3">
  <testcase classname="seleniumTestPractice.practice2" name="changeFilter" time="0.000">
    <skipped/>
  </testcase> <!-- changeFilter -->
  <testcase classname="seleniumTestPractice.practice2" name="login" time="0.000">
    <skipped/>
  </testcase> <!-- login -->
  <testcase classname="seleniumTestPractice.practice2" name="verifyTitle" time="0.000">
    <skipped/>
  </testcase> <!-- verifyTitle -->
</testsuite> <!-- seleniumTestPractice.practice2 -->
