<?xml version="1.0" encoding="UTF-8"?>
<!-- Generated by org.testng.reporters.JUnitReportReporter -->
<testsuite hostname="DESKTOP-M3ID0UC" failures="0" tests="3" name="BatchTesting.ProductPage" time="0.002" errors="0" timestamp="27 Mar 2024 07:20:41 GMT" skipped="0">
  <testcase classname="BatchTesting.ProductPage" name="selectQuantity" time="0.000"/>
  <testcase classname="BatchTesting.ProductPage" name="addProductToCart" time="0.001"/>
  <testcase classname="BatchTesting.ProductPage" name="addProductToWishlish" time="0.001"/>
</testsuite> <!-- BatchTesting.ProductPage -->
