<?xml version="1.0" encoding="UTF-8"?>
<!-- Generated by org.testng.reporters.JUnitReportReporter -->
<testsuite hostname="DESKTOP-M3ID0UC" failures="0" tests="1" name="SeleniumPackage.Ajax" time="1.457" errors="0" timestamp="28 Mar 2024 06:11:05 GMT" skipped="0">
  <testcase classname="SeleniumPackage.Ajax" name="ajaxCall" time="1.457"/>
</testsuite> <!-- SeleniumPackage.Ajax -->
