<?xml version="1.0" encoding="UTF-8"?>
<!-- Generated by org.testng.reporters.JUnitReportReporter -->
<testsuite hostname="DESKTOP-M3ID0UC" failures="0" tests="1" name="SeleniumPackage.drag" time="0.000" errors="0" timestamp="25 Mar 2024 06:40:38 GMT" skipped="1">
  <testcase classname="SeleniumPackage.drag" name="input" time="0.000">
    <skipped/>
  </testcase> <!-- input -->
</testsuite> <!-- SeleniumPackage.drag -->
