<?xml version="1.0" encoding="UTF-8"?>
<!-- Generated by org.testng.reporters.JUnitReportReporter -->
<testsuite hostname="DESKTOP-M3ID0UC" failures="0" tests="3" name="SeleniumPackage.form" time="0.000" errors="0" timestamp="25 Mar 2024 06:37:50 GMT" skipped="3">
  <testcase classname="SeleniumPackage.form" name="formvalidation" time="0.000">
    <skipped/>
  </testcase> <!-- formvalidation -->
  <testcase classname="SeleniumPackage.form" name="htmlForm">
    <skipped/>
  </testcase> <!-- htmlForm -->
  <testcase classname="SeleniumPackage.form" name="input">
    <skipped/>
  </testcase> <!-- input -->
</testsuite> <!-- SeleniumPackage.form -->
