<?xml version="1.0" encoding="UTF-8"?>
<!-- Generated by org.testng.reporters.JUnitReportReporter -->
<testsuite hostname="DESKTOP-M3ID0UC" failures="0" tests="1" name="DataProvider.dataProviderWithExcel" time="0.000" errors="0" timestamp="03 Apr 2024 05:16:31 GMT" skipped="1">
  <testcase classname="DataProvider.dataProviderWithExcel" name="openGoogle" time="0.000">
    <skipped/>
  </testcase> <!-- openGoogle -->
</testsuite> <!-- DataProvider.dataProviderWithExcel -->
