<?xml version="1.0" encoding="UTF-8"?>
<!-- Generated by org.testng.reporters.JUnitReportReporter -->
<testsuite hostname="DESKTOP-M3ID0UC" failures="0" tests="1" name="selenium.expandingDiv" time="0.615" errors="0" timestamp="25 Mar 2024 04:57:08 GMT" skipped="0">
  <testcase classname="selenium.expandingDiv" name="expands" time="0.615"/>
</testsuite> <!-- selenium.expandingDiv -->
