<?xml version="1.0" encoding="UTF-8"?>
<!-- Generated by org.testng.reporters.JUnitReportReporter -->
<testsuite hostname="DESKTOP-M3ID0UC" failures="0" tests="1" name="selenium.WebTable" time="0.044" errors="0" timestamp="22 Mar 2024 06:20:36 GMT" skipped="0">
  <testcase classname="selenium.WebTable" name="webTable" time="0.044"/>
</testsuite> <!-- selenium.WebTable -->
