<?xml version="1.0" encoding="UTF-8"?>
<!-- Generated by org.testng.reporters.JUnitReportReporter -->
<testsuite hostname="DESKTOP-M3ID0UC" failures="0" tests="2" name="selenium.automateNow" time="0.000" errors="0" timestamp="25 Mar 2024 06:37:50 GMT" skipped="2">
  <testcase classname="selenium.automateNow" name="brokenlinks" time="0.000">
    <skipped/>
  </testcase> <!-- brokenlinks -->
  <testcase classname="selenium.automateNow" name="accordation">
    <skipped/>
  </testcase> <!-- accordation -->
</testsuite> <!-- selenium.automateNow -->
