<?xml version="1.0" encoding="UTF-8"?>
<!-- Generated by org.testng.reporters.JUnitReportReporter -->
<testsuite hostname="DESKTOP-M3ID0UC" failures="0" tests="1" name="SeleniumPackage.RadioAndCheckbox" time="0.000" errors="0" timestamp="25 Mar 2024 06:37:50 GMT" skipped="1">
  <testcase classname="SeleniumPackage.RadioAndCheckbox" name="input" time="0.000">
    <skipped/>
  </testcase> <!-- input -->
</testsuite> <!-- SeleniumPackage.RadioAndCheckbox -->
