<?xml version="1.0" encoding="UTF-8"?>
<!-- Generated by org.testng.reporters.JUnitReportReporter -->
<testsuite hostname="DESKTOP-M3ID0UC" failures="0" tests="3" name="seleniumTestPractice.ComputerDatabaseTest" time="3.577" errors="0" timestamp="05 Mar 2024 10:51:39 GMT" skipped="0">
  <testcase classname="seleniumTestPractice.ComputerDatabaseTest" name="setup" time="3.559"/>
  <testcase classname="seleniumTestPractice.ComputerDatabaseTest" name="verifyTitle" time="0.010"/>
  <testcase classname="seleniumTestPractice.ComputerDatabaseTest" name="add" time="0.008"/>
</testsuite> <!-- seleniumTestPractice.ComputerDatabaseTest -->
