<?xml version="1.0" encoding="UTF-8"?>
<!-- Generated by org.testng.reporters.JUnitReportReporter -->
<testsuite hostname="DESKTOP-M3ID0UC" failures="0" tests="1" name="selenium.LaunchBrowser" time="14.529" errors="0" timestamp="29 Dec 2023 10:15:38 GMT" skipped="0">
  <testcase classname="selenium.LaunchBrowser" name="Alert" time="14.529"/>
</testsuite> <!-- selenium.LaunchBrowser -->
