<?xml version="1.0" encoding="UTF-8"?>
<!-- Generated by org.testng.reporters.JUnitReportReporter -->
<testsuite hostname="DESKTOP-M3ID0UC" failures="0" tests="1" name="SeleniumPackage.fillFormInOneStatement" time="4.481" errors="0" timestamp="27 Mar 2024 05:36:25 GMT" skipped="0">
  <testcase classname="SeleniumPackage.fillFormInOneStatement" name="login" time="4.481"/>
</testsuite> <!-- SeleniumPackage.fillFormInOneStatement -->
