<?xml version="1.0" encoding="UTF-8"?>
<!-- Generated by org.testng.reporters.JUnitReportReporter -->
<testsuite hostname="DESKTOP-M3ID0UC" failures="0" tests="1" name="selenium.refreshNow" time="6.218" errors="0" timestamp="25 Mar 2024 05:27:33 GMT" skipped="0">
  <testcase classname="selenium.refreshNow" name="refresh" time="6.218"/>
</testsuite> <!-- selenium.refreshNow -->
