<?xml version="1.0" encoding="UTF-8"?>
<!-- Generated by org.testng.reporters.JUnitReportReporter -->
<testsuite hostname="DESKTOP-M3ID0UC" failures="0" tests="12" name="SeleniumPractice.TheInternetHerokuAppTest" time="0.000" errors="0" timestamp="25 Mar 2024 06:37:50 GMT" skipped="12">
  <testcase classname="SeleniumPractice.TheInternetHerokuAppTest" name="dynamicContentTest" time="0.000">
    <skipped/>
  </testcase> <!-- dynamicContentTest -->
  <testcase classname="SeleniumPractice.TheInternetHerokuAppTest" name="shadowDomTest">
    <skipped/>
  </testcase> <!-- shadowDomTest -->
  <testcase classname="SeleniumPractice.TheInternetHerokuAppTest" name="uiMenuTest">
    <skipped/>
  </testcase> <!-- uiMenuTest -->
  <testcase classname="SeleniumPractice.TheInternetHerokuAppTest" name="keyPressesTest">
    <skipped/>
  </testcase> <!-- keyPressesTest -->
  <testcase classname="SeleniumPractice.TheInternetHerokuAppTest" name="mouseAction">
    <skipped/>
  </testcase> <!-- mouseAction -->
  <testcase classname="SeleniumPractice.TheInternetHerokuAppTest" name="contextMenuTest">
    <skipped/>
  </testcase> <!-- contextMenuTest -->
  <testcase classname="SeleniumPractice.TheInternetHerokuAppTest" name="checkJavaScriptErrors">
    <skipped/>
  </testcase> <!-- checkJavaScriptErrors -->
  <testcase classname="SeleniumPractice.TheInternetHerokuAppTest" name="sfdTest">
    <skipped/>
  </testcase> <!-- sfdTest -->
  <testcase classname="SeleniumPractice.TheInternetHerokuAppTest" name="digestAuthTest">
    <skipped/>
  </testcase> <!-- digestAuthTest -->
  <testcase classname="SeleniumPractice.TheInternetHerokuAppTest" name="deepSelectorTest">
    <skipped/>
  </testcase> <!-- deepSelectorTest -->
  <testcase classname="SeleniumPractice.TheInternetHerokuAppTest" name="formAuthTest">
    <skipped/>
  </testcase> <!-- formAuthTest -->
  <testcase classname="SeleniumPractice.TheInternetHerokuAppTest" name="iframeTest">
    <skipped/>
  </testcase> <!-- iframeTest -->
</testsuite> <!-- SeleniumPractice.TheInternetHerokuAppTest -->
