<?xml version="1.0" encoding="UTF-8"?>
<!-- Generated by org.testng.reporters.JUnitReportReporter -->
<testsuite hostname="DESKTOP-M3ID0UC" failures="0" tests="3" name="BatchTesting.HomeScreenTest" time="0.002" errors="0" timestamp="27 Mar 2024 07:20:41 GMT" skipped="0">
  <testcase classname="BatchTesting.HomeScreenTest" name="verifyTitle" time="0.001"/>
  <testcase classname="BatchTesting.HomeScreenTest" name="verifyLogo" time="0.000"/>
  <testcase classname="BatchTesting.HomeScreenTest" name="launchApplication" time="0.001"/>
</testsuite> <!-- BatchTesting.HomeScreenTest -->
