<?xml version="1.0" encoding="UTF-8"?>
<!-- Generated by org.testng.reporters.JUnitReportReporter -->
<testsuite hostname="DESKTOP-M3ID0UC" failures="0" tests="1" name="SeleniumPackage.Cookies" time="6.636" errors="0" timestamp="27 Mar 2024 06:26:19 GMT" skipped="0">
  <testcase classname="SeleniumPackage.Cookies" name="login" time="6.636"/>
</testsuite> <!-- SeleniumPackage.Cookies -->
