<?xml version="1.0" encoding="UTF-8"?>
<!-- Generated by org.testng.reporters.JUnitReportReporter -->
<testsuite hostname="DESKTOP-M3ID0UC" failures="0" tests="2" name="BatchTesting.LoginTest" time="0.003" errors="0" timestamp="27 Mar 2024 07:20:41 GMT" skipped="0">
  <testcase classname="BatchTesting.LoginTest" name="loginByMobileNumber" time="0.002"/>
  <testcase classname="BatchTesting.LoginTest" name="loginByEmail" time="0.001"/>
</testsuite> <!-- BatchTesting.LoginTest -->
