<?xml version="1.0" encoding="UTF-8"?>
<!-- Generated by org.testng.reporters.JUnitReportReporter -->
<testsuite hostname="DESKTOP-M3ID0UC" failures="0" tests="2" name="SeleniumPackage.WebTable" time="0.342" errors="0" timestamp="25 Mar 2024 06:43:11 GMT" skipped="1">
  <testcase classname="SeleniumPackage.WebTable" name="checkBox" time="0.342"/>
  <testcase classname="SeleniumPackage.WebTable" name="webTableAddPrice">
    <skipped/>
  </testcase> <!-- webTableAddPrice -->
</testsuite> <!-- SeleniumPackage.WebTable -->
