<?xml version="1.0" encoding="UTF-8"?>
<!-- Generated by org.testng.reporters.JUnitReportReporter -->
<testsuite hostname="DESKTOP-M3ID0UC" failures="0" tests="2" name="TestNgParameter.testngParameters" time="10.983" errors="0" timestamp="02 Apr 2024 06:06:52 GMT" skipped="0">
  <testcase classname="TestNgParameter.testngParameters" name="login" time="5.036"/>
  <testcase classname="TestNgParameter.testngParameters" name="login" time="5.947"/>
</testsuite> <!-- TestNgParameter.testngParameters -->
