<?xml version="1.0" encoding="UTF-8"?>
<!-- Generated by org.testng.reporters.JUnitReportReporter -->
<testsuite hostname="DESKTOP-M3ID0UC" failures="0" tests="4" name="selenium.dragdrop" time="0.000" errors="0" timestamp="25 Mar 2024 06:37:50 GMT" skipped="4">
  <testcase classname="selenium.dragdrop" name="dragdropTest" time="0.000">
    <skipped/>
  </testcase> <!-- dragdropTest -->
  <testcase classname="selenium.dragdrop" name="dragedrop">
    <skipped/>
  </testcase> <!-- dragedrop -->
  <testcase classname="selenium.dragdrop" name="move">
    <skipped/>
  </testcase> <!-- move -->
  <testcase classname="selenium.dragdrop" name="Draggable">
    <skipped/>
  </testcase> <!-- Draggable -->
</testsuite> <!-- selenium.dragdrop -->
