<?xml version="1.0" encoding="UTF-8"?>
<!-- Generated by org.testng.reporters.JUnitReportReporter -->
<testsuite hostname="DESKTOP-M3ID0UC" failures="0" tests="3" name="DataProvider.DPwithExcel" time="13.534" errors="0" timestamp="03 Apr 2024 05:43:53 GMT" skipped="0">
  <testcase classname="DataProvider.DPwithExcel" name="login" time="4.568"/>
  <testcase classname="DataProvider.DPwithExcel" name="login" time="4.590"/>
  <testcase classname="DataProvider.DPwithExcel" name="login" time="4.376"/>
</testsuite> <!-- DataProvider.DPwithExcel -->
