<?xml version="1.0" encoding="UTF-8"?>
<!-- Generated by org.testng.reporters.JUnitReportReporter -->
<testsuite hostname="DESKTOP-M3ID0UC" failures="0" tests="1" name="selenium.Scroll" time="3.034" errors="0" timestamp="22 Mar 2024 09:21:36 GMT" skipped="0">
  <testcase classname="selenium.Scroll" name="jsExecuter" time="3.034"/>
</testsuite> <!-- selenium.Scroll -->
